[2025-08-01 01:01:50,808][mysql.connector][INFO] - package: mysql.connector.plugins
[2025-08-01 01:01:50,808][mysql.connector][INFO] - plugin_name: mysql_native_password
[2025-08-01 01:01:50,809][mysql.connector][INFO] - AUTHENTICATION_PLUGIN_CLASS: MySQLNativePasswordAuthPlugin
[2025-08-01 01:09:16,210][mysql.connector][INFO] - package: mysql.connector.plugins
[2025-08-01 01:09:16,211][mysql.connector][INFO] - plugin_name: mysql_native_password
[2025-08-01 01:09:16,211][mysql.connector][INFO] - AUTHENTICATION_PLUGIN_CLASS: MySQLNativePasswordAuthPlugin
[2025-08-01 01:21:01,391][mysql.connector][INFO] - package: mysql.connector.plugins
[2025-08-01 01:21:01,392][mysql.connector][INFO] - plugin_name: mysql_native_password
[2025-08-01 01:21:01,400][mysql.connector][INFO] - AUTHENTICATION_PLUGIN_CLASS: MySQLNativePasswordAuthPlugin
[2025-08-01 01:22:50,891][mysql.connector][INFO] - package: mysql.connector.plugins
[2025-08-01 01:22:50,892][mysql.connector][INFO] - plugin_name: mysql_native_password
[2025-08-01 01:22:50,892][mysql.connector][INFO] - AUTHENTICATION_PLUGIN_CLASS: MySQLNativePasswordAuthPlugin
[2025-08-02 01:19:15,321][mysql.connector][INFO] - package: mysql.connector.plugins
[2025-08-02 01:19:15,329][mysql.connector][INFO] - plugin_name: mysql_native_password
[2025-08-02 01:19:15,330][mysql.connector][INFO] - AUTHENTICATION_PLUGIN_CLASS: MySQLNativePasswordAuthPlugin
[2025-08-02 01:20:27,753][mysql.connector][INFO] - package: mysql.connector.plugins
[2025-08-02 01:20:27,753][mysql.connector][INFO] - plugin_name: mysql_native_password
[2025-08-02 01:20:27,754][mysql.connector][INFO] - AUTHENTICATION_PLUGIN_CLASS: MySQLNativePasswordAuthPlugin
[2025-08-02 19:44:44,516][mysql.connector][INFO] - package: mysql.connector.plugins
[2025-08-02 19:44:44,517][mysql.connector][INFO] - plugin_name: caching_sha2_password
[2025-08-02 19:44:44,517][mysql.connector][INFO] - AUTHENTICATION_PLUGIN_CLASS: MySQLCachingSHA2PasswordAuthPlugin
[2025-08-02 19:47:47,913][mysql.connector][INFO] - package: mysql.connector.plugins
[2025-08-02 19:47:47,913][mysql.connector][INFO] - plugin_name: caching_sha2_password
[2025-08-02 19:47:47,913][mysql.connector][INFO] - AUTHENTICATION_PLUGIN_CLASS: MySQLCachingSHA2PasswordAuthPlugin
[2025-08-02 20:36:18,324][mysql.connector][INFO] - package: mysql.connector.plugins
[2025-08-02 20:36:18,324][mysql.connector][INFO] - plugin_name: caching_sha2_password
[2025-08-02 20:36:18,324][mysql.connector][INFO] - AUTHENTICATION_PLUGIN_CLASS: MySQLCachingSHA2PasswordAuthPlugin
[2025-08-02 21:22:39,917][mysql.connector][INFO] - package: mysql.connector.plugins
[2025-08-02 21:22:39,918][mysql.connector][INFO] - plugin_name: caching_sha2_password
[2025-08-02 21:22:39,918][mysql.connector][INFO] - AUTHENTICATION_PLUGIN_CLASS: MySQLCachingSHA2PasswordAuthPlugin
[2025-08-08 09:37:18,905][mysql.connector][INFO] - package: mysql.connector.plugins
[2025-08-08 09:37:18,905][mysql.connector][INFO] - plugin_name: caching_sha2_password
[2025-08-08 09:37:18,906][mysql.connector][INFO] - AUTHENTICATION_PLUGIN_CLASS: MySQLCachingSHA2PasswordAuthPlugin
